c:\users\frla05\downloads\zombiegame\gameengine\debug\gameengine.pdb
c:\users\frla05\downloads\zombiegame\gameengine\debug\gameengine.idb
c:\users\frla05\downloads\zombiegame\gameengine\debug\audioengine.obj
c:\users\frla05\downloads\zombiegame\gameengine\debug\camera2d.obj
c:\users\frla05\downloads\zombiegame\gameengine\debug\gameengine.obj
c:\users\frla05\downloads\zombiegame\gameengine\debug\gameengineerrors.obj
c:\users\frla05\downloads\zombiegame\gameengine\debug\glslprogram.obj
c:\users\frla05\downloads\zombiegame\gameengine\debug\imageloader.obj
c:\users\frla05\downloads\zombiegame\gameengine\debug\inputmanager.obj
c:\users\frla05\downloads\zombiegame\gameengine\debug\iomanager.obj
c:\users\frla05\downloads\zombiegame\gameengine\debug\picopng.obj
c:\users\frla05\downloads\zombiegame\gameengine\debug\resourcemanager.obj
c:\users\frla05\downloads\zombiegame\gameengine\debug\spritebatch.obj
c:\users\frla05\downloads\zombiegame\gameengine\debug\texturecache.obj
c:\users\frla05\downloads\zombiegame\gameengine\debug\window.obj
c:\users\frla05\downloads\zombiegame\debug\gameengine.lib
c:\users\frla05\downloads\zombiegame\debug\gameengine.pdb
c:\users\frla05\downloads\zombiegame\gameengine\debug\gameengine.tlog\cl.command.1.tlog
c:\users\frla05\downloads\zombiegame\gameengine\debug\gameengine.tlog\cl.read.1.tlog
c:\users\frla05\downloads\zombiegame\gameengine\debug\gameengine.tlog\cl.write.1.tlog
c:\users\frla05\downloads\zombiegame\gameengine\debug\gameengine.tlog\lib-link.read.1.tlog
c:\users\frla05\downloads\zombiegame\gameengine\debug\gameengine.tlog\lib-link.write.1.tlog
c:\users\frla05\downloads\zombiegame\gameengine\debug\gameengine.tlog\lib.command.1.tlog
