  Window.cpp
  TextureCache.cpp
  SpriteBatch.cpp
c:\users\frla05\downloads\zombiegame\gameengine\spritebatch.cpp(105): warning C4018: '<': signed/unsigned mismatch
c:\users\frla05\downloads\zombiegame\gameengine\spritebatch.cpp(132): warning C4018: '<': signed/unsigned mismatch
c:\users\frla05\downloads\zombiegame\gameengine\spritebatch.cpp(186): warning C4018: '<': signed/unsigned mismatch
  ResourceManager.cpp
  PicoPNG.cpp
  IOManager.cpp
c:\users\frla05\downloads\zombiegame\gameengine\iomanager.cpp(20): warning C4244: 'initializing': conversion from 'std::streamoff' to 'int', possible loss of data
  InputManager.cpp
  ImageLoader.cpp
  GLSLprogram.cpp
  GameEngineErrors.cpp
  GameEngine.cpp
  Camera2D.cpp
  AudioEngine.cpp
  Generating Code...
opengl32.lib(OPENGL32.dll) : warning LNK4006: __NULL_IMPORT_DESCRIPTOR already defined in SDL2.lib(SDL2.dll); second definition ignored
opengl32.lib(OPENGL32.dll) : warning LNK4221: This object file does not define any previously undefined public symbols, so it will not be used by any link operation that consumes this library
glew32.lib(glew32.dll) : warning LNK4006: __NULL_IMPORT_DESCRIPTOR already defined in SDL2.lib(SDL2.dll); second definition ignored
glew32.lib(glew32.dll) : warning LNK4221: This object file does not define any previously undefined public symbols, so it will not be used by any link operation that consumes this library
SDL2_ttf.lib(SDL2_ttf.dll) : warning LNK4006: __NULL_IMPORT_DESCRIPTOR already defined in SDL2.lib(SDL2.dll); second definition ignored
SDL2_ttf.lib(SDL2_ttf.dll) : warning LNK4221: This object file does not define any previously undefined public symbols, so it will not be used by any link operation that consumes this library
SDL2_mixer.lib(SDL2_mixer.dll) : warning LNK4006: __NULL_IMPORT_DESCRIPTOR already defined in SDL2.lib(SDL2.dll); second definition ignored
SDL2_mixer.lib(SDL2_mixer.dll) : warning LNK4221: This object file does not define any previously undefined public symbols, so it will not be used by any link operation that consumes this library
  GameEngine.vcxproj -> C:\Users\frla05\Downloads\ZombieGame\Debug\GameEngine.lib
