c:\users\frla05\downloads\zombiegame\game\debug\vc141.pdb
c:\users\frla05\downloads\zombiegame\game\debug\vc141.idb
c:\users\frla05\downloads\zombiegame\game\debug\agent.obj
c:\users\frla05\downloads\zombiegame\game\debug\bullet.obj
c:\users\frla05\downloads\zombiegame\game\debug\gun.obj
c:\users\frla05\downloads\zombiegame\game\debug\human.obj
c:\users\frla05\downloads\zombiegame\game\debug\level.obj
c:\users\frla05\downloads\zombiegame\game\debug\main.obj
c:\users\frla05\downloads\zombiegame\game\debug\maingame.obj
c:\users\frla05\downloads\zombiegame\game\debug\player.obj
c:\users\frla05\downloads\zombiegame\game\debug\zombie.obj
c:\users\frla05\downloads\zombiegame\debug\game.ilk
c:\users\frla05\downloads\zombiegame\debug\game.exe
c:\users\frla05\downloads\zombiegame\debug\game.pdb
c:\users\frla05\downloads\zombiegame\game\debug\game.tlog\cl.command.1.tlog
c:\users\frla05\downloads\zombiegame\game\debug\game.tlog\cl.read.1.tlog
c:\users\frla05\downloads\zombiegame\game\debug\game.tlog\cl.write.1.tlog
c:\users\frla05\downloads\zombiegame\game\debug\game.tlog\link.command.1.tlog
c:\users\frla05\downloads\zombiegame\game\debug\game.tlog\link.read.1.tlog
c:\users\frla05\downloads\zombiegame\game\debug\game.tlog\link.write.1.tlog
